Performing C SOURCE FILE Test CMAKE_HAVE_LIBC_PTHREAD failed with the following output:
Change Dir: /home/jo/dev_ws/src/ros2_cpp_test_example/build/CMakeFiles/CMakeTmp

Run Build Command(s):/usr/bin/make cmTC_992ea/fast && /usr/bin/make -f CMakeFiles/cmTC_992ea.dir/build.make CMakeFiles/cmTC_992ea.dir/build
make[1]: Entering directory '/home/jo/dev_ws/src/ros2_cpp_test_example/build/CMakeFiles/CMakeTmp'
Building C object CMakeFiles/cmTC_992ea.dir/src.c.o
/bin/x86_64-linux-gnu-gcc-9   -DCMAKE_HAVE_LIBC_PTHREAD   -o CMakeFiles/cmTC_992ea.dir/src.c.o   -c /home/jo/dev_ws/src/ros2_cpp_test_example/build/CMakeFiles/CMakeTmp/src.c
Linking C executable cmTC_992ea
/usr/bin/cmake -E cmake_link_script CMakeFiles/cmTC_992ea.dir/link.txt --verbose=1
/bin/x86_64-linux-gnu-gcc-9  -DCMAKE_HAVE_LIBC_PTHREAD    CMakeFiles/cmTC_992ea.dir/src.c.o  -o cmTC_992ea 
/usr/bin/ld: CMakeFiles/cmTC_992ea.dir/src.c.o: in function `main':
src.c:(.text+0x46): undefined reference to `pthread_create'
/usr/bin/ld: src.c:(.text+0x52): undefined reference to `pthread_detach'
/usr/bin/ld: src.c:(.text+0x63): undefined reference to `pthread_join'
collect2: error: ld returned 1 exit status
make[1]: *** [CMakeFiles/cmTC_992ea.dir/build.make:87: cmTC_992ea] Error 1
make[1]: Leaving directory '/home/jo/dev_ws/src/ros2_cpp_test_example/build/CMakeFiles/CMakeTmp'
make: *** [Makefile:121: cmTC_992ea/fast] Error 2


Source file was:
#include <pthread.h>

void* test_func(void* data)
{
  return data;
}

int main(void)
{
  pthread_t thread;
  pthread_create(&thread, NULL, test_func, NULL);
  pthread_detach(thread);
  pthread_join(thread, NULL);
  pthread_atfork(NULL, NULL, NULL);
  pthread_exit(NULL);

  return 0;
}

Determining if the function pthread_create exists in the pthreads failed with the following output:
Change Dir: /home/jo/dev_ws/src/ros2_cpp_test_example/build/CMakeFiles/CMakeTmp

Run Build Command(s):/usr/bin/make cmTC_ab807/fast && /usr/bin/make -f CMakeFiles/cmTC_ab807.dir/build.make CMakeFiles/cmTC_ab807.dir/build
make[1]: Entering directory '/home/jo/dev_ws/src/ros2_cpp_test_example/build/CMakeFiles/CMakeTmp'
Building C object CMakeFiles/cmTC_ab807.dir/CheckFunctionExists.c.o
/bin/x86_64-linux-gnu-gcc-9   -DCHECK_FUNCTION_EXISTS=pthread_create   -o CMakeFiles/cmTC_ab807.dir/CheckFunctionExists.c.o   -c /usr/share/cmake-3.16/Modules/CheckFunctionExists.c
Linking C executable cmTC_ab807
/usr/bin/cmake -E cmake_link_script CMakeFiles/cmTC_ab807.dir/link.txt --verbose=1
/bin/x86_64-linux-gnu-gcc-9  -DCHECK_FUNCTION_EXISTS=pthread_create    CMakeFiles/cmTC_ab807.dir/CheckFunctionExists.c.o  -o cmTC_ab807  -lpthreads 
/usr/bin/ld: cannot find -lpthreads
collect2: error: ld returned 1 exit status
make[1]: *** [CMakeFiles/cmTC_ab807.dir/build.make:87: cmTC_ab807] Error 1
make[1]: Leaving directory '/home/jo/dev_ws/src/ros2_cpp_test_example/build/CMakeFiles/CMakeTmp'
make: *** [Makefile:121: cmTC_ab807/fast] Error 2



